[INFO] 2024-02-14 21:16:43,712 Runner.RunTest logInfo - Test case 1
[INFO] 2024-02-14 21:16:44,586 Runner.RunTest logInfo - clicked on Flight Departure Input field
[INFO] 2024-02-14 21:16:48,792 Runner.RunTest logInfo - entered Flight Departure city in Flight Departure input field
[INFO] 2024-02-14 21:16:48,951 Runner.RunTest logInfo - selected Flight Departure city from dropdown
[INFO] 2024-02-14 21:16:49,265 Runner.RunTest logInfo - clicked on Flight Arrival Input field
[INFO] 2024-02-14 21:16:53,440 Runner.RunTest logInfo - entered Flight Arrival city in Flight Arrival input field
[INFO] 2024-02-14 21:16:53,636 Runner.RunTest logInfo - selected Flight Arrival city from dropdown
[INFO] 2024-02-14 21:16:53,754 Runner.RunTest logInfo - clicked on Flight Departure date
[INFO] 2024-02-14 21:16:54,134 Runner.RunTest logInfo - selected Flight Departure date
[INFO] 2024-02-14 21:16:54,281 Runner.RunTest logInfo - clicked on Flight Arrival date
[INFO] 2024-02-14 21:16:54,582 Runner.RunTest logInfo - selected Flight Arrival date
[INFO] 2024-02-14 21:16:54,716 Runner.RunTest logInfo - clicked on Senior Citizen checkbox
[INFO] 2024-02-14 21:16:58,786 Runner.RunTest logInfo - clicked on Search Flight button
[INFO] 2024-02-14 21:16:58,957 Runner.RunTest logInfo - fetched text from Stops span
[INFO] 2024-02-14 21:16:58,959 Runner.RunTest logInfo - verified Stops text from Flight Search Results Page
[INFO] 2024-02-14 21:17:02,683 Runner.RunTest logInfo - Test case 2
[INFO] 2024-02-14 21:17:03,529 Runner.RunTest logInfo - clicked on Holidays option
[INFO] 2024-02-14 21:17:05,064 Runner.RunTest logInfo - loaded Holiday Search Page
[INFO] 2024-02-14 21:17:05,414 Runner.RunTest logInfo - clicked on Holiday Departure Input field
[INFO] 2024-02-14 21:17:09,553 Runner.RunTest logInfo - entered Holiday Departure city
[INFO] 2024-02-14 21:17:09,664 Runner.RunTest logInfo - selected Holiday Departure city (Jaipur)
[INFO] 2024-02-14 21:17:09,897 Runner.RunTest logInfo - clicked on Holiday Going To Input field
[INFO] 2024-02-14 21:17:14,036 Runner.RunTest logInfo - entered Holiday Going To city
[INFO] 2024-02-14 21:17:16,589 Runner.RunTest logInfo - selected Holiday Going To city (Bengaluru)
[INFO] 2024-02-14 21:17:16,748 Runner.RunTest logInfo - clicked on Holiday Month field
[INFO] 2024-02-14 21:17:16,878 Runner.RunTest logInfo - selected Holiday Month
[INFO] 2024-02-14 21:17:18,073 Runner.RunTest logInfo - clicked on Search Holidays button
[INFO] 2024-02-14 21:17:33,949 Runner.RunTest logInfo - fetched Destination value
[INFO] 2024-02-14 21:17:33,949 Runner.RunTest logInfo - verified Destination Bengaluru
[INFO] 2024-02-14 21:17:37,310 Runner.RunTest logInfo - Test case 3
[INFO] 2024-02-14 21:17:38,136 Runner.RunTest logInfo - clicked on Hotels option
[INFO] 2024-02-14 21:17:39,398 Runner.RunTest logInfo - clicked on Select Location Input field
[INFO] 2024-02-14 21:17:43,575 Runner.RunTest logInfo - entered Hotel Location in Location input field
[INFO] 2024-02-14 21:17:43,634 Runner.RunTest logInfo - pressed enter key
[INFO] 2024-02-14 21:17:43,741 Runner.RunTest logInfo - clicked on Checkin date
[INFO] 2024-02-14 21:17:44,100 Runner.RunTest logInfo - selected Checkin date
[INFO] 2024-02-14 21:17:44,207 Runner.RunTest logInfo - clicked on Checkout date
[INFO] 2024-02-14 21:17:44,449 Runner.RunTest logInfo - selected Checkout date
[INFO] 2024-02-14 21:17:46,864 Runner.RunTest logInfo - clicked on Search Hotel button
[INFO] 2024-02-14 21:17:50,079 Runner.RunTest logInfo - loaded Hotel Search Results Page
