[INFO] 2024-02-15 02:48:52,022 Runner.RunTest logInfo - Test case 1
[INFO] 2024-02-15 02:48:52,903 Runner.RunTest logInfo - clicked on Flight Departure Input field
[INFO] 2024-02-15 02:48:57,122 Runner.RunTest logInfo - entered Flight Departure city in Flight Departure input field
[INFO] 2024-02-15 02:48:57,313 Runner.RunTest logInfo - selected Flight Departure city from dropdown
[INFO] 2024-02-15 02:48:57,627 Runner.RunTest logInfo - clicked on Flight Arrival Input field
[INFO] 2024-02-15 02:49:01,805 Runner.RunTest logInfo - entered Flight Arrival city in Flight Arrival input field
[INFO] 2024-02-15 02:49:02,008 Runner.RunTest logInfo - selected Flight Arrival city from dropdown
[INFO] 2024-02-15 02:49:02,142 Runner.RunTest logInfo - clicked on Flight Departure date
[INFO] 2024-02-15 02:49:02,540 Runner.RunTest logInfo - selected Flight Departure date
[INFO] 2024-02-15 02:49:02,726 Runner.RunTest logInfo - clicked on Flight Arrival date
[INFO] 2024-02-15 02:49:03,078 Runner.RunTest logInfo - selected Flight Arrival date
[INFO] 2024-02-15 02:49:03,299 Runner.RunTest logInfo - clicked on Senior Citizen checkbox
[INFO] 2024-02-15 02:49:08,512 Runner.RunTest logInfo - clicked on Search Flight button
[INFO] 2024-02-15 02:49:08,688 Runner.RunTest logInfo - fetched text from Stops span
[INFO] 2024-02-15 02:49:08,690 Runner.RunTest logInfo - verified Stops text from Flight Search Results Page
[INFO] 2024-02-15 02:49:12,103 Runner.RunTest logInfo - Test case 2
[INFO] 2024-02-15 02:49:12,986 Runner.RunTest logInfo - clicked on Holidays option
[INFO] 2024-02-15 02:49:14,436 Runner.RunTest logInfo - loaded Holiday Search Page
[INFO] 2024-02-15 02:49:14,779 Runner.RunTest logInfo - clicked on Holiday Departure Input field
[INFO] 2024-02-15 02:49:18,929 Runner.RunTest logInfo - entered Holiday Departure city
[INFO] 2024-02-15 02:49:19,043 Runner.RunTest logInfo - selected Holiday Departure city (Jaipur)
[INFO] 2024-02-15 02:49:19,291 Runner.RunTest logInfo - clicked on Holiday Going To Input field
[INFO] 2024-02-15 02:49:23,430 Runner.RunTest logInfo - entered Holiday Going To city
[INFO] 2024-02-15 02:49:23,969 Runner.RunTest logInfo - selected Holiday Going To city (Bengaluru)
[INFO] 2024-02-15 02:49:24,072 Runner.RunTest logInfo - clicked on Holiday Month field
[INFO] 2024-02-15 02:49:24,180 Runner.RunTest logInfo - selected Holiday Month
[INFO] 2024-02-15 02:49:25,333 Runner.RunTest logInfo - clicked on Search Holidays button
[INFO] 2024-02-15 02:49:28,305 Runner.RunTest logInfo - fetched Destination value
[INFO] 2024-02-15 02:49:28,305 Runner.RunTest logInfo - verified Destination Bengaluru
[INFO] 2024-02-15 02:49:31,935 Runner.RunTest logInfo - Test case 3
[INFO] 2024-02-15 02:49:32,734 Runner.RunTest logInfo - clicked on Hotels option
[INFO] 2024-02-15 02:49:34,526 Runner.RunTest logInfo - clicked on Select Location Input field
[INFO] 2024-02-15 02:49:38,700 Runner.RunTest logInfo - entered Hotel Location in Location input field
[INFO] 2024-02-15 02:49:38,791 Runner.RunTest logInfo - pressed enter key
[INFO] 2024-02-15 02:49:38,905 Runner.RunTest logInfo - clicked on Checkin date
[INFO] 2024-02-15 02:49:39,242 Runner.RunTest logInfo - selected Checkin date
[INFO] 2024-02-15 02:49:39,342 Runner.RunTest logInfo - clicked on Checkout date
[INFO] 2024-02-15 02:49:39,587 Runner.RunTest logInfo - selected Checkout date
[INFO] 2024-02-15 02:49:41,807 Runner.RunTest logInfo - clicked on Search Hotel button
[INFO] 2024-02-15 02:49:47,119 Runner.RunTest logInfo - loaded Hotel Search Results Page
