[INFO] 2024-02-15 04:30:30,201 Runner.RunTest logInfo - Test case 1
[INFO] 2024-02-15 04:30:31,036 Runner.RunTest logInfo - clicked on Flight Departure Input field
[INFO] 2024-02-15 04:30:35,227 Runner.RunTest logInfo - entered Flight Departure city in Flight Departure input field
[INFO] 2024-02-15 04:30:35,389 Runner.RunTest logInfo - selected Flight Departure city from dropdown
[INFO] 2024-02-15 04:30:35,737 Runner.RunTest logInfo - clicked on Flight Arrival Input field
[INFO] 2024-02-15 04:30:39,937 Runner.RunTest logInfo - entered Flight Arrival city in Flight Arrival input field
[INFO] 2024-02-15 04:30:40,155 Runner.RunTest logInfo - selected Flight Arrival city from dropdown
[INFO] 2024-02-15 04:30:40,283 Runner.RunTest logInfo - clicked on Flight Departure date
[INFO] 2024-02-15 04:30:40,777 Runner.RunTest logInfo - selected Flight Departure date
[INFO] 2024-02-15 04:30:40,903 Runner.RunTest logInfo - clicked on Flight Arrival date
[INFO] 2024-02-15 04:30:41,287 Runner.RunTest logInfo - selected Flight Arrival date
[INFO] 2024-02-15 04:30:41,490 Runner.RunTest logInfo - clicked on Senior Citizen checkbox
[ERROR] 2024-02-15 04:30:46,707 Runner.RunTest logError - click on element failed
[INFO] 2024-02-15 04:30:46,707 Runner.RunTest logInfo - clicked on Search Flight button
[INFO] 2024-02-15 04:30:47,310 Runner.RunTest logInfo - fetched text from Stops span
[INFO] 2024-02-15 04:30:47,312 Runner.RunTest logInfo - verified Stops text from Flight Search Results Page
[INFO] 2024-02-15 04:30:50,710 Runner.RunTest logInfo - Test case 2
[INFO] 2024-02-15 04:30:51,477 Runner.RunTest logInfo - clicked on Holidays option
[INFO] 2024-02-15 04:30:53,061 Runner.RunTest logInfo - loaded Holiday Search Page
[INFO] 2024-02-15 04:30:53,407 Runner.RunTest logInfo - clicked on Holiday Departure Input field
[INFO] 2024-02-15 04:30:57,556 Runner.RunTest logInfo - entered Holiday Departure city
[INFO] 2024-02-15 04:30:57,655 Runner.RunTest logInfo - selected Holiday Departure city (Jaipur)
[INFO] 2024-02-15 04:30:57,914 Runner.RunTest logInfo - clicked on Holiday Going To Input field
[INFO] 2024-02-15 04:31:02,053 Runner.RunTest logInfo - entered Holiday Going To city
[INFO] 2024-02-15 04:31:03,637 Runner.RunTest logInfo - selected Holiday Going To city (Bengaluru)
[INFO] 2024-02-15 04:31:03,768 Runner.RunTest logInfo - clicked on Holiday Month field
[INFO] 2024-02-15 04:31:03,865 Runner.RunTest logInfo - selected Holiday Month
[INFO] 2024-02-15 04:31:04,748 Runner.RunTest logInfo - clicked on Search Holidays button
[INFO] 2024-02-15 04:31:07,979 Runner.RunTest logInfo - fetched Destination value
[INFO] 2024-02-15 04:31:07,980 Runner.RunTest logInfo - verified Destination Bengaluru
[INFO] 2024-02-15 04:31:11,243 Runner.RunTest logInfo - Test case 3
[INFO] 2024-02-15 04:31:12,077 Runner.RunTest logInfo - clicked on Hotels option
[INFO] 2024-02-15 04:31:13,333 Runner.RunTest logInfo - clicked on Select Location Input field
[INFO] 2024-02-15 04:31:17,510 Runner.RunTest logInfo - entered Hotel Location in Location input field
[INFO] 2024-02-15 04:31:17,601 Runner.RunTest logInfo - pressed enter key
[INFO] 2024-02-15 04:31:17,745 Runner.RunTest logInfo - clicked on Checkin date
[INFO] 2024-02-15 04:31:18,113 Runner.RunTest logInfo - selected Checkin date
[INFO] 2024-02-15 04:31:18,217 Runner.RunTest logInfo - clicked on Checkout date
[INFO] 2024-02-15 04:31:18,479 Runner.RunTest logInfo - selected Checkout date
[INFO] 2024-02-15 04:31:20,681 Runner.RunTest logInfo - clicked on Search Hotel button
[INFO] 2024-02-15 04:31:22,639 Runner.RunTest logInfo - loaded Hotel Search Results Page
